Release 14.6 - xst P.68d (nt64)
Copyright (c) 1995-2013 Xilinx, Inc.  All rights reserved.
--> Parameter TMPDIR set to xst/projnav.tmp


Total REAL time to Xst completion: 1.00 secs
Total CPU time to Xst completion: 0.61 secs
 
--> Parameter xsthdpdir set to xst


Total REAL time to Xst completion: 1.00 secs
Total CPU time to Xst completion: 0.61 secs
 
--> Reading design: pong.prj

TABLE OF CONTENTS
  1) Synthesis Options Summary
  2) HDL Compilation
  3) Design Hierarchy Analysis
  4) HDL Analysis
  5) HDL Synthesis
     5.1) HDL Synthesis Report
  6) Advanced HDL Synthesis
     6.1) Advanced HDL Synthesis Report
  7) Low Level Synthesis
  8) Partition Report
  9) Final Report

=========================================================================
*                      Synthesis Options Summary                        *
=========================================================================
---- Source Parameters
Input File Name                    : "pong.prj"
Input Format                       : mixed
Ignore Synthesis Constraint File   : NO

---- Target Parameters
Output File Name                   : "pong"
Output Format                      : NGC
Target Device                      : XC9500XL CPLDs

---- Source Options
Top Module Name                    : pong
Automatic FSM Extraction           : YES
FSM Encoding Algorithm             : Auto
Safe Implementation                : No
Mux Extraction                     : Yes
Resource Sharing                   : YES

---- Target Options
Add IO Buffers                     : YES
MACRO Preserve                     : YES
XOR Preserve                       : YES
Equivalent register Removal        : YES

---- General Options
Optimization Goal                  : Speed
Optimization Effort                : 1
Keep Hierarchy                     : Yes
Netlist Hierarchy                  : As_Optimized
RTL Output                         : Yes
Hierarchy Separator                : /
Bus Delimiter                      : <>
Case Specifier                     : Maintain
Verilog 2001                       : YES

---- Other Options
Clock Enable                       : YES
wysiwyg                            : NO

=========================================================================


=========================================================================
*                          HDL Compilation                              *
=========================================================================
Compiling verilog file "hvsync_generator.v" in library work
Compiling verilog file "Pong.v" in library work
Module <hvsync_generator> compiled
Module <pong> compiled
No errors in compilation
Analysis of file <"pong.prj"> succeeded.
 

=========================================================================
*                     Design Hierarchy Analysis                         *
=========================================================================
Analyzing hierarchy for module <pong> in library <work>.

Analyzing hierarchy for module <hvsync_generator> in library <work>.


=========================================================================
*                            HDL Analysis                               *
=========================================================================
Analyzing top module <pong>.
Module <pong> is correct for synthesis.
 
Analyzing module <hvsync_generator> in library <work>.
Module <hvsync_generator> is correct for synthesis.
 

=========================================================================
*                           HDL Synthesis                               *
=========================================================================

Performing bidirectional port resolution...

Synthesizing Unit <hvsync_generator>.
    Related source file is "hvsync_generator.v".
    Found 10-bit up counter for signal <CounterX>.
    Found 9-bit up counter for signal <CounterY>.
    Found 1-bit register for signal <inDisplayArea>.
    Found 9-bit comparator less for signal <inDisplayArea$cmp_lt0000> created at line 52.
    Found 1-bit register for signal <vga_HS>.
    Found 1-bit register for signal <vga_VS>.
    Summary:
	inferred   2 Counter(s).
	inferred   3 D-type flip-flop(s).
	inferred   1 Comparator(s).
Unit <hvsync_generator> synthesized.


Synthesizing Unit <pong>.
    Related source file is "Pong.v".
    Found 1-bit register for signal <vga_B>.
    Found 1-bit register for signal <vga_G>.
    Found 1-bit register for signal <vga_R>.
    Found 9-bit adder carry out for signal <add0000$addsub0000> created at line 79.
    Found 10-bit adder carry out for signal <add0001$addsub0000> created at line 81.
    Found 1-bit register for signal <ball_dirX>.
    Found 1-bit register for signal <ball_dirY>.
    Found 1-bit register for signal <ball_inX>.
    Found 10-bit adder carry out for signal <ball_inX$addsub0000> created at line 63.
    Found 10-bit comparator equal for signal <ball_inX$cmp_eq0000> created at line 63.
    Found 11-bit comparator equal for signal <ball_inX$cmp_eq0001> created at line 63.
    Found 1-bit register for signal <ball_inY>.
    Found 9-bit adder carry out for signal <ball_inY$addsub0000> created at line 66.
    Found 9-bit comparator equal for signal <ball_inY$cmp_eq0000> created at line 66.
    Found 10-bit comparator equal for signal <ball_inY$cmp_eq0001> created at line 66.
    Found 10-bit up accumulator for signal <ballX>.
    Found 9-bit up accumulator for signal <ballY>.
    Found 1-bit register for signal <CollisionX1>.
    Found 10-bit comparator equal for signal <CollisionX1$cmp_eq0000> created at line 79.
    Found 1-bit register for signal <CollisionX2>.
    Found 1-bit register for signal <CollisionY1>.
    Found 11-bit comparator equal for signal <CollisionY1$cmp_eq0000> created at line 81.
    Found 1-bit register for signal <CollisionY2>.
    Found 9-bit adder carry out for signal <paddle$addsub0002> created at line 72.
    Found 9-bit adder carry out for signal <paddle$addsub0003> created at line 72.
    Found 10-bit comparator greatequal for signal <paddle$cmp_ge0000> created at line 72.
    Found 10-bit comparator lessequal for signal <paddle$cmp_le0000> created at line 72.
    Found 9-bit updown counter for signal <PaddlePosition>.
    Found 1-bit xor2 for signal <PaddlePosition$xor0000> created at line 45.
    Found 1-bit xor3 for signal <PaddlePosition$xor0001> created at line 43.
    Found 3-bit register for signal <quadAr>.
    Found 3-bit register for signal <quadBr>.
    Found 1-bit xor2 for signal <R$xor0000> created at line 105.
    Found 1-bit register for signal <ResetCollision>.
    Summary:
	inferred   1 Counter(s).
	inferred   2 Accumulator(s).
	inferred   8 D-type flip-flop(s).
	inferred   6 Adder/Subtractor(s).
	inferred   8 Comparator(s).
	inferred   2 Xor(s).
Unit <pong> synthesized.


=========================================================================
HDL Synthesis Report

Macro Statistics
# Adders/Subtractors                                   : 6
 10-bit adder carry out                                : 2
 9-bit adder carry out                                 : 4
# Counters                                             : 3
 10-bit up counter                                     : 1
 9-bit up counter                                      : 1
 9-bit updown counter                                  : 1
# Accumulators                                         : 2
 10-bit up accumulator                                 : 1
 9-bit up accumulator                                  : 1
# Registers                                            : 17
 1-bit register                                        : 15
 3-bit register                                        : 2
# Comparators                                          : 9
 10-bit comparator equal                               : 3
 10-bit comparator greatequal                          : 1
 10-bit comparator lessequal                           : 1
 11-bit comparator equal                               : 2
 9-bit comparator equal                                : 1
 9-bit comparator less                                 : 1
# Xors                                                 : 3
 1-bit xor2                                            : 2
 1-bit xor3                                            : 1

=========================================================================

=========================================================================
*                       Advanced HDL Synthesis                          *
=========================================================================


=========================================================================
Advanced HDL Synthesis Report

Macro Statistics
# Adders/Subtractors                                   : 6
 10-bit adder carry out                                : 2
 9-bit adder carry out                                 : 4
# Counters                                             : 3
 10-bit up counter                                     : 1
 9-bit up counter                                      : 1
 9-bit updown counter                                  : 1
# Accumulators                                         : 2
 10-bit up accumulator                                 : 1
 9-bit up accumulator                                  : 1
# Registers                                            : 11
 Flip-Flops                                            : 11
# Comparators                                          : 6
 10-bit comparator equal                               : 3
 11-bit comparator equal                               : 2
 9-bit comparator equal                                : 1
# Xors                                                 : 1
 1-bit xor3                                            : 1

=========================================================================

=========================================================================
*                         Low Level Synthesis                           *
=========================================================================
INFO:Xst:2261 - The FF/Latch <vga_B> in Unit <pong> is equivalent to the following FF/Latch, which will be removed : <vga_G> 

Optimizing unit <pong> ...

Optimizing unit <hvsync_generator> ...

=========================================================================
*                           Partition Report                            *
=========================================================================

Partition Implementation Status
-------------------------------

  No Partitions were found in this design.

-------------------------------

=========================================================================
*                            Final Report                               *
=========================================================================
Final Results
RTL Top Level Output File Name     : pong.ngr
Top Level Output File Name         : pong
Output Format                      : NGC
Optimization Goal                  : Speed
Keep Hierarchy                     : Yes
Target Technology                  : XC9500XL CPLDs
Macro Preserve                     : YES
XOR Preserve                       : YES
Clock Enable                       : YES
wysiwyg                            : NO

Design Statistics
# IOs                              : 8

Cell Usage :
# BELS                             : 681
#      AND2                        : 192
#      AND3                        : 19
#      AND4                        : 6
#      AND5                        : 2
#      AND6                        : 1
#      AND8                        : 7
#      GND                         : 2
#      INV                         : 202
#      OR2                         : 95
#      OR3                         : 6
#      OR4                         : 3
#      XOR2                        : 146
# FlipFlops/Latches                : 67
#      FD                          : 24
#      FDCE                        : 43
# IO Buffers                       : 8
#      IBUF                        : 3
#      OBUF                        : 5
=========================================================================


Total REAL time to Xst completion: 8.00 secs
Total CPU time to Xst completion: 8.23 secs
 
--> 

Total memory usage is 275440 kilobytes

Number of errors   :    0 (   0 filtered)
Number of warnings :    0 (   0 filtered)
Number of infos    :    1 (   0 filtered)

